
Device: cuda

=== Model: ConvTran ===

--- Dataset BIDMC32SpO2 ---
/home/labic/miniconda3/envs/merlin_thesis/lib/python3.12/site-packages/torch/functional.py:554: UserWarning: torch.meshgrid: in an upcoming release, it will be required to pass the indexing argument. (Triggered internally at /pytorch/aten/src/ATen/native/TensorShape.cpp:4322.)
  return _VF.meshgrid(tensors, **kwargs)  # type: ignore[attr-defined]
/home/labic/miniconda3/envs/merlin_thesis/lib/python3.12/site-packages/torch/nn/modules/conv.py:543: UserWarning: Using padding='same' with even kernel lengths and odd dilation may require a zero-padded copy of the input be created (Triggered internally at /pytorch/aten/src/ATen/native/Convolution.cpp:1027.)
  return F.conv2d(
Epoch 1/2000 | Train Loss: 2139.977428
Epoch 2/2000 | Train Loss: 1825.015399
Epoch 3/2000 | Train Loss: 1403.738018
Epoch 4/2000 | Train Loss: 956.883747
Epoch 5/2000 | Train Loss: 565.540137
Epoch 6/2000 | Train Loss: 281.997377
Epoch 7/2000 | Train Loss: 115.548324
Epoch 8/2000 | Train Loss: 38.326040
Epoch 9/2000 | Train Loss: 10.767195
Epoch 10/2000 | Train Loss: 3.253845
Epoch 11/2000 | Train Loss: 1.674318
Epoch 12/2000 | Train Loss: 1.418355
Epoch 13/2000 | Train Loss: 1.384826
Epoch 14/2000 | Train Loss: 1.369019
Epoch 15/2000 | Train Loss: 1.242430
Epoch 16/2000 | Train Loss: 0.825937
Epoch 17/2000 | Train Loss: 0.462285
Epoch 18/2000 | Train Loss: 0.304154
Epoch 19/2000 | Train Loss: 0.214527
Epoch 20/2000 | Train Loss: 0.198623
Epoch 21/2000 | Train Loss: 0.152252
Epoch 22/2000 | Train Loss: 0.119028
Epoch 23/2000 | Train Loss: 0.081914
Epoch 24/2000 | Train Loss: 0.097994
Epoch 25/2000 | Train Loss: 0.077432
Epoch 26/2000 | Train Loss: 0.062426
Epoch 27/2000 | Train Loss: 0.056937
Epoch 28/2000 | Train Loss: 0.047219
Epoch 29/2000 | Train Loss: 0.040619
Epoch 30/2000 | Train Loss: 0.039047
Epoch 31/2000 | Train Loss: 0.038242
Epoch 32/2000 | Train Loss: 0.028262
Epoch 33/2000 | Train Loss: 0.027535
Epoch 34/2000 | Train Loss: 0.029184
Epoch 35/2000 | Train Loss: 0.027247
Epoch 36/2000 | Train Loss: 0.023607
Epoch 37/2000 | Train Loss: 0.026972
Epoch 38/2000 | Train Loss: 0.023932
Epoch 39/2000 | Train Loss: 0.022063
Epoch 40/2000 | Train Loss: 0.019281
Epoch 41/2000 | Train Loss: 0.018185
Epoch 42/2000 | Train Loss: 0.015877
Epoch 43/2000 | Train Loss: 0.016234
Epoch 44/2000 | Train Loss: 0.019999
Epoch 45/2000 | Train Loss: 0.019719
Epoch 46/2000 | Train Loss: 0.017792
Epoch 47/2000 | Train Loss: 0.015869
Epoch 48/2000 | Train Loss: 0.012175
Epoch 49/2000 | Train Loss: 0.015870
Epoch 50/2000 | Train Loss: 0.013739
Epoch 51/2000 | Train Loss: 0.012404
Epoch 52/2000 | Train Loss: 0.010271
Epoch 53/2000 | Train Loss: 0.013740
Epoch 54/2000 | Train Loss: 0.015207
Epoch 55/2000 | Train Loss: 0.015654
Epoch 56/2000 | Train Loss: 0.012457
Epoch 57/2000 | Train Loss: 0.016867
Epoch 58/2000 | Train Loss: 0.008672
Epoch 59/2000 | Train Loss: 0.009249
Epoch 60/2000 | Train Loss: 0.010306
Epoch 61/2000 | Train Loss: 0.011307
Epoch 62/2000 | Train Loss: 0.011084
Epoch 63/2000 | Train Loss: 0.009101
Epoch 64/2000 | Train Loss: 0.012817
Epoch 65/2000 | Train Loss: 0.009530
Epoch 66/2000 | Train Loss: 0.010052
Epoch 67/2000 | Train Loss: 0.012449
Epoch 68/2000 | Train Loss: 0.013447
Epoch 69/2000 | Train Loss: 0.009159
Epoch 70/2000 | Train Loss: 0.008732
Epoch 71/2000 | Train Loss: 0.009938
Epoch 72/2000 | Train Loss: 0.007913
Epoch 73/2000 | Train Loss: 0.007310
Epoch 74/2000 | Train Loss: 0.010741
Epoch 75/2000 | Train Loss: 0.006905
Epoch 76/2000 | Train Loss: 0.007897
Epoch 77/2000 | Train Loss: 0.007151
Epoch 78/2000 | Train Loss: 0.006841
Epoch 79/2000 | Train Loss: 0.006439
Epoch 80/2000 | Train Loss: 0.006985
Epoch 81/2000 | Train Loss: 0.007649
Epoch 82/2000 | Train Loss: 0.006413
Epoch 83/2000 | Train Loss: 0.005528
Epoch 84/2000 | Train Loss: 0.006648
Epoch 85/2000 | Train Loss: 0.007110
Epoch 86/2000 | Train Loss: 0.012695
Epoch 87/2000 | Train Loss: 0.006431
Epoch 88/2000 | Train Loss: 0.007689
Epoch 89/2000 | Train Loss: 0.004852
Epoch 90/2000 | Train Loss: 0.004642
Epoch 91/2000 | Train Loss: 0.006548
Epoch 92/2000 | Train Loss: 0.005269
Epoch 93/2000 | Train Loss: 0.005030
Epoch 94/2000 | Train Loss: 0.005552
Epoch 95/2000 | Train Loss: 0.005812
Epoch 96/2000 | Train Loss: 0.005853
Epoch 97/2000 | Train Loss: 0.005829
Epoch 98/2000 | Train Loss: 0.004091
Epoch 99/2000 | Train Loss: 0.003987
Epoch 100/2000 | Train Loss: 0.004460
Epoch 101/2000 | Train Loss: 0.004542
Epoch 102/2000 | Train Loss: 0.005770
Epoch 103/2000 | Train Loss: 0.005185
Epoch 104/2000 | Train Loss: 0.004713
Epoch 105/2000 | Train Loss: 0.005178
Epoch 106/2000 | Train Loss: 0.004523
Epoch 107/2000 | Train Loss: 0.005960
Epoch 108/2000 | Train Loss: 0.005562
Epoch 109/2000 | Train Loss: 0.004655
Epoch 110/2000 | Train Loss: 0.003729
Epoch 111/2000 | Train Loss: 0.003560
Epoch 112/2000 | Train Loss: 0.004065
Epoch 113/2000 | Train Loss: 0.005726
Epoch 114/2000 | Train Loss: 0.005389
Epoch 115/2000 | Train Loss: 0.005474
Epoch 116/2000 | Train Loss: 0.004246
Epoch 117/2000 | Train Loss: 0.003675
Epoch 118/2000 | Train Loss: 0.004014
Epoch 119/2000 | Train Loss: 0.003906
Epoch 120/2000 | Train Loss: 0.003402
Epoch 121/2000 | Train Loss: 0.003518
Epoch 122/2000 | Train Loss: 0.004047
Epoch 123/2000 | Train Loss: 0.004560
Epoch 124/2000 | Train Loss: 0.004346
Epoch 125/2000 | Train Loss: 0.003881
Epoch 126/2000 | Train Loss: 0.003666
Epoch 127/2000 | Train Loss: 0.003964
Epoch 128/2000 | Train Loss: 0.003461
Epoch 129/2000 | Train Loss: 0.003075
Epoch 130/2000 | Train Loss: 0.002675
Epoch 131/2000 | Train Loss: 0.003442
Epoch 132/2000 | Train Loss: 0.004074
Epoch 133/2000 | Train Loss: 0.003787
Epoch 134/2000 | Train Loss: 0.002508
Epoch 135/2000 | Train Loss: 0.004674
Epoch 136/2000 | Train Loss: 0.002848
Epoch 137/2000 | Train Loss: 0.003309
Epoch 138/2000 | Train Loss: 0.002791
Epoch 139/2000 | Train Loss: 0.002824
Epoch 140/2000 | Train Loss: 0.002330
Epoch 141/2000 | Train Loss: 0.002398
Epoch 142/2000 | Train Loss: 0.003112
Epoch 143/2000 | Train Loss: 0.005067
Epoch 144/2000 | Train Loss: 0.003587
Epoch 145/2000 | Train Loss: 0.003866
Epoch 146/2000 | Train Loss: 0.003502
Epoch 147/2000 | Train Loss: 0.002287
Epoch 148/2000 | Train Loss: 0.002964
Epoch 149/2000 | Train Loss: 0.002141
Epoch 150/2000 | Train Loss: 0.002374
Epoch 151/2000 | Train Loss: 0.002332
Epoch 152/2000 | Train Loss: 0.003668
Epoch 153/2000 | Train Loss: 0.003397
Epoch 154/2000 | Train Loss: 0.002475
Epoch 155/2000 | Train Loss: 0.002116
Epoch 156/2000 | Train Loss: 0.002538
Epoch 157/2000 | Train Loss: 0.002416
Epoch 158/2000 | Train Loss: 0.001948
Epoch 159/2000 | Train Loss: 0.002529
Epoch 160/2000 | Train Loss: 0.002321
Epoch 161/2000 | Train Loss: 0.002663
Epoch 162/2000 | Train Loss: 0.004622
Epoch 163/2000 | Train Loss: 0.003099
Epoch 164/2000 | Train Loss: 0.002172
Epoch 165/2000 | Train Loss: 0.002766
Epoch 166/2000 | Train Loss: 0.001942
Epoch 167/2000 | Train Loss: 0.002452
Epoch 168/2000 | Train Loss: 0.002015
Epoch 169/2000 | Train Loss: 0.002359
Epoch 170/2000 | Train Loss: 0.001902
Epoch 171/2000 | Train Loss: 0.002063
Epoch 172/2000 | Train Loss: 0.003482
Epoch 173/2000 | Train Loss: 0.002561
Epoch 174/2000 | Train Loss: 0.002445
Epoch 175/2000 | Train Loss: 0.001691
Epoch 176/2000 | Train Loss: 0.002444
Epoch 177/2000 | Train Loss: 0.002673
Epoch 178/2000 | Train Loss: 0.002488
Epoch 179/2000 | Train Loss: 0.002091
Epoch 180/2000 | Train Loss: 0.001848
Epoch 181/2000 | Train Loss: 0.001783
Epoch 182/2000 | Train Loss: 0.002724
Epoch 183/2000 | Train Loss: 0.002425
Epoch 184/2000 | Train Loss: 0.002463
Epoch 185/2000 | Train Loss: 0.002086
Epoch 186/2000 | Train Loss: 0.002023
Epoch 187/2000 | Train Loss: 0.001734
Epoch 188/2000 | Train Loss: 0.001798
Epoch 189/2000 | Train Loss: 0.002080
Epoch 190/2000 | Train Loss: 0.002672
Epoch 191/2000 | Train Loss: 0.002043
Epoch 192/2000 | Train Loss: 0.002030
Epoch 193/2000 | Train Loss: 0.002055
Epoch 194/2000 | Train Loss: 0.001535
Epoch 195/2000 | Train Loss: 0.001656
Epoch 196/2000 | Train Loss: 0.001727
Epoch 197/2000 | Train Loss: 0.001686
Epoch 198/2000 | Train Loss: 0.002949
Epoch 199/2000 | Train Loss: 0.002301
Epoch 200/2000 | Train Loss: 0.001531
Epoch 201/2000 | Train Loss: 0.001723
Epoch 202/2000 | Train Loss: 0.001805
Epoch 203/2000 | Train Loss: 0.001908
Epoch 204/2000 | Train Loss: 0.001767
Epoch 205/2000 | Train Loss: 0.002390
Epoch 206/2000 | Train Loss: 0.002313
Epoch 207/2000 | Train Loss: 0.001700
Epoch 208/2000 | Train Loss: 0.001443
Epoch 209/2000 | Train Loss: 0.001763
Epoch 210/2000 | Train Loss: 0.001775
Epoch 211/2000 | Train Loss: 0.002087
Epoch 212/2000 | Train Loss: 0.001786
Epoch 213/2000 | Train Loss: 0.001565
Epoch 214/2000 | Train Loss: 0.001429
Epoch 215/2000 | Train Loss: 0.001969
Epoch 216/2000 | Train Loss: 0.001801
Epoch 217/2000 | Train Loss: 0.002103
Epoch 218/2000 | Train Loss: 0.001795
Epoch 219/2000 | Train Loss: 0.002468
Epoch 220/2000 | Train Loss: 0.002196
Epoch 221/2000 | Train Loss: 0.001716
Epoch 222/2000 | Train Loss: 0.001502
Epoch 223/2000 | Train Loss: 0.001244
Epoch 224/2000 | Train Loss: 0.001689
Epoch 225/2000 | Train Loss: 0.001477
Epoch 226/2000 | Train Loss: 0.001453
Epoch 227/2000 | Train Loss: 0.001693
Epoch 228/2000 | Train Loss: 0.001670
Epoch 229/2000 | Train Loss: 0.002323
Epoch 230/2000 | Train Loss: 0.002034
Epoch 231/2000 | Train Loss: 0.001576
Epoch 232/2000 | Train Loss: 0.001492
Epoch 233/2000 | Train Loss: 0.001547
Epoch 234/2000 | Train Loss: 0.001418
Epoch 235/2000 | Train Loss: 0.001460
Epoch 236/2000 | Train Loss: 0.001356
Epoch 237/2000 | Train Loss: 0.001686
Epoch 238/2000 | Train Loss: 0.001558
Epoch 239/2000 | Train Loss: 0.001772
Epoch 240/2000 | Train Loss: 0.001613
Epoch 241/2000 | Train Loss: 0.001824
Epoch 242/2000 | Train Loss: 0.001322
Epoch 243/2000 | Train Loss: 0.001252
Epoch 244/2000 | Train Loss: 0.001294
Epoch 245/2000 | Train Loss: 0.001202
Epoch 246/2000 | Train Loss: 0.001367
Epoch 247/2000 | Train Loss: 0.001500
Epoch 248/2000 | Train Loss: 0.001305
Epoch 249/2000 | Train Loss: 0.001726
Epoch 250/2000 | Train Loss: 0.001513
Epoch 251/2000 | Train Loss: 0.001331
Epoch 252/2000 | Train Loss: 0.001223
Epoch 253/2000 | Train Loss: 0.001338
Epoch 254/2000 | Train Loss: 0.001643
Epoch 255/2000 | Train Loss: 0.001402
Epoch 256/2000 | Train Loss: 0.001226
Epoch 257/2000 | Train Loss: 0.001140
Epoch 258/2000 | Train Loss: 0.001183
Epoch 259/2000 | Train Loss: 0.001535
Epoch 260/2000 | Train Loss: 0.001590
Epoch 261/2000 | Train Loss: 0.001426
Epoch 262/2000 | Train Loss: 0.001575
Epoch 263/2000 | Train Loss: 0.001452
Epoch 264/2000 | Train Loss: 0.001741
Epoch 265/2000 | Train Loss: 0.001444
Epoch 266/2000 | Train Loss: 0.001338
Epoch 267/2000 | Train Loss: 0.001483
Epoch 268/2000 | Train Loss: 0.001433
Epoch 269/2000 | Train Loss: 0.001749
Epoch 270/2000 | Train Loss: 0.001133
Epoch 271/2000 | Train Loss: 0.001165
Epoch 272/2000 | Train Loss: 0.001230
Epoch 273/2000 | Train Loss: 0.001109
Epoch 274/2000 | Train Loss: 0.000976
Epoch 275/2000 | Train Loss: 0.001064
Epoch 276/2000 | Train Loss: 0.001136
Epoch 277/2000 | Train Loss: 0.001679
Epoch 278/2000 | Train Loss: 0.001265
Epoch 279/2000 | Train Loss: 0.001433
Epoch 280/2000 | Train Loss: 0.001313
Epoch 281/2000 | Train Loss: 0.001326
Epoch 282/2000 | Train Loss: 0.001275
Epoch 283/2000 | Train Loss: 0.001242
Epoch 284/2000 | Train Loss: 0.001223
Epoch 285/2000 | Train Loss: 0.001044
Epoch 286/2000 | Train Loss: 0.001196
Epoch 287/2000 | Train Loss: 0.001031
Epoch 288/2000 | Train Loss: 0.001374
Epoch 289/2000 | Train Loss: 0.001708
Epoch 290/2000 | Train Loss: 0.000991
Epoch 291/2000 | Train Loss: 0.001090
Epoch 292/2000 | Train Loss: 0.001019
Epoch 293/2000 | Train Loss: 0.001056
Epoch 294/2000 | Train Loss: 0.001026
Epoch 295/2000 | Train Loss: 0.001265
Epoch 296/2000 | Train Loss: 0.001367
Epoch 297/2000 | Train Loss: 0.001583
Epoch 298/2000 | Train Loss: 0.001151
Epoch 299/2000 | Train Loss: 0.001097
Epoch 300/2000 | Train Loss: 0.001138
Epoch 301/2000 | Train Loss: 0.000997
Epoch 302/2000 | Train Loss: 0.001227
Epoch 303/2000 | Train Loss: 0.001718
Epoch 304/2000 | Train Loss: 0.001091
Epoch 305/2000 | Train Loss: 0.000944
Epoch 306/2000 | Train Loss: 0.000857
Epoch 307/2000 | Train Loss: 0.000808
Epoch 308/2000 | Train Loss: 0.001167
Epoch 309/2000 | Train Loss: 0.001191
Epoch 310/2000 | Train Loss: 0.001126
Epoch 311/2000 | Train Loss: 0.001213
Epoch 312/2000 | Train Loss: 0.000989
Epoch 313/2000 | Train Loss: 0.001144
Epoch 314/2000 | Train Loss: 0.001260
Epoch 315/2000 | Train Loss: 0.001086
Epoch 316/2000 | Train Loss: 0.001320
Epoch 317/2000 | Train Loss: 0.001029
Epoch 318/2000 | Train Loss: 0.001030
Epoch 319/2000 | Train Loss: 0.000933
Epoch 320/2000 | Train Loss: 0.001460
Epoch 321/2000 | Train Loss: 0.001146
Epoch 322/2000 | Train Loss: 0.001189
Epoch 323/2000 | Train Loss: 0.001398
Epoch 324/2000 | Train Loss: 0.001040
Epoch 325/2000 | Train Loss: 0.000943
Epoch 326/2000 | Train Loss: 0.000998
Epoch 327/2000 | Train Loss: 0.001107
Epoch 328/2000 | Train Loss: 0.001098
Epoch 329/2000 | Train Loss: 0.001201
Epoch 330/2000 | Train Loss: 0.000914
Epoch 331/2000 | Train Loss: 0.000929
Epoch 332/2000 | Train Loss: 0.000822
Epoch 333/2000 | Train Loss: 0.001158
Epoch 334/2000 | Train Loss: 0.001068
Epoch 335/2000 | Train Loss: 0.000803
Epoch 336/2000 | Train Loss: 0.001068
Epoch 337/2000 | Train Loss: 0.001125
Epoch 338/2000 | Train Loss: 0.001059
Epoch 339/2000 | Train Loss: 0.000868
Epoch 340/2000 | Train Loss: 0.000838
Epoch 341/2000 | Train Loss: 0.001015
Epoch 342/2000 | Train Loss: 0.001054
Epoch 343/2000 | Train Loss: 0.001036
Epoch 344/2000 | Train Loss: 0.000948
Epoch 345/2000 | Train Loss: 0.000929
Epoch 346/2000 | Train Loss: 0.001025
Epoch 347/2000 | Train Loss: 0.001063
Epoch 348/2000 | Train Loss: 0.001423
Epoch 349/2000 | Train Loss: 0.001422
Epoch 350/2000 | Train Loss: 0.000982
Epoch 351/2000 | Train Loss: 0.000886
Epoch 352/2000 | Train Loss: 0.001077
Epoch 353/2000 | Train Loss: 0.000905
Epoch 354/2000 | Train Loss: 0.000851
Epoch 355/2000 | Train Loss: 0.000813
Epoch 356/2000 | Train Loss: 0.000979
Epoch 357/2000 | Train Loss: 0.000902
Epoch 358/2000 | Train Loss: 0.001024
Epoch 359/2000 | Train Loss: 0.001123
Epoch 360/2000 | Train Loss: 0.000904
Epoch 361/2000 | Train Loss: 0.000764
Epoch 362/2000 | Train Loss: 0.000712
Epoch 363/2000 | Train Loss: 0.000938
Epoch 364/2000 | Train Loss: 0.001057
Epoch 365/2000 | Train Loss: 0.000969
Epoch 366/2000 | Train Loss: 0.000938
Epoch 367/2000 | Train Loss: 0.001067
Epoch 368/2000 | Train Loss: 0.001072
Epoch 369/2000 | Train Loss: 0.000991
Epoch 370/2000 | Train Loss: 0.000855
Epoch 371/2000 | Train Loss: 0.000845
Epoch 372/2000 | Train Loss: 0.000898
Epoch 373/2000 | Train Loss: 0.000837
Epoch 374/2000 | Train Loss: 0.001062
Epoch 375/2000 | Train Loss: 0.000896
Epoch 376/2000 | Train Loss: 0.000856
Epoch 377/2000 | Train Loss: 0.000750
Epoch 378/2000 | Train Loss: 0.001123
Epoch 379/2000 | Train Loss: 0.001066
Epoch 380/2000 | Train Loss: 0.000953
Epoch 381/2000 | Train Loss: 0.001139
Epoch 382/2000 | Train Loss: 0.000827
Epoch 383/2000 | Train Loss: 0.000706
Epoch 384/2000 | Train Loss: 0.000734
Epoch 385/2000 | Train Loss: 0.000824
Epoch 386/2000 | Train Loss: 0.001040
Epoch 387/2000 | Train Loss: 0.000875
Epoch 388/2000 | Train Loss: 0.001059
Epoch 389/2000 | Train Loss: 0.000811
Epoch 390/2000 | Train Loss: 0.000801
Epoch 391/2000 | Train Loss: 0.000834
Epoch 392/2000 | Train Loss: 0.000875
Epoch 393/2000 | Train Loss: 0.000745
Epoch 394/2000 | Train Loss: 0.000890
Epoch 395/2000 | Train Loss: 0.000729
Epoch 396/2000 | Train Loss: 0.001034
Epoch 397/2000 | Train Loss: 0.000773
Epoch 398/2000 | Train Loss: 0.000805
Epoch 399/2000 | Train Loss: 0.001002
Epoch 400/2000 | Train Loss: 0.000835
Epoch 401/2000 | Train Loss: 0.000872
Epoch 402/2000 | Train Loss: 0.000916
Epoch 403/2000 | Train Loss: 0.000801
Epoch 404/2000 | Train Loss: 0.000780
Epoch 405/2000 | Train Loss: 0.000813
Epoch 406/2000 | Train Loss: 0.000808
Epoch 407/2000 | Train Loss: 0.000967
Epoch 408/2000 | Train Loss: 0.001065
Epoch 409/2000 | Train Loss: 0.001066
Epoch 410/2000 | Train Loss: 0.000674
Epoch 411/2000 | Train Loss: 0.000716
Epoch 412/2000 | Train Loss: 0.000805
Epoch 413/2000 | Train Loss: 0.000722
Epoch 414/2000 | Train Loss: 0.000783
Epoch 415/2000 | Train Loss: 0.000741
Epoch 416/2000 | Train Loss: 0.000927
Epoch 417/2000 | Train Loss: 0.001121
Epoch 418/2000 | Train Loss: 0.000795
Epoch 419/2000 | Train Loss: 0.000789
Epoch 420/2000 | Train Loss: 0.000766
Epoch 421/2000 | Train Loss: 0.000815
Epoch 422/2000 | Train Loss: 0.000631
Epoch 423/2000 | Train Loss: 0.000840
Epoch 424/2000 | Train Loss: 0.001069
Epoch 425/2000 | Train Loss: 0.001224
Epoch 426/2000 | Train Loss: 0.000887
Epoch 427/2000 | Train Loss: 0.000791
Epoch 428/2000 | Train Loss: 0.000792
Epoch 429/2000 | Train Loss: 0.000768
Epoch 430/2000 | Train Loss: 0.000618
Epoch 431/2000 | Train Loss: 0.000654
Epoch 432/2000 | Train Loss: 0.000656
Epoch 433/2000 | Train Loss: 0.000916
Epoch 434/2000 | Train Loss: 0.000650
Epoch 435/2000 | Train Loss: 0.000665
Epoch 436/2000 | Train Loss: 0.000766
Epoch 437/2000 | Train Loss: 0.000800
Epoch 438/2000 | Train Loss: 0.000670
Epoch 439/2000 | Train Loss: 0.000672
Epoch 440/2000 | Train Loss: 0.000697
Epoch 441/2000 | Train Loss: 0.001171
Epoch 442/2000 | Train Loss: 0.000874
Epoch 443/2000 | Train Loss: 0.000696
Epoch 444/2000 | Train Loss: 0.000945
Epoch 445/2000 | Train Loss: 0.000820
Epoch 446/2000 | Train Loss: 0.000783
Epoch 447/2000 | Train Loss: 0.000862
Epoch 448/2000 | Train Loss: 0.000750
Epoch 449/2000 | Train Loss: 0.000821
Epoch 450/2000 | Train Loss: 0.000797
Epoch 451/2000 | Train Loss: 0.000602
Epoch 452/2000 | Train Loss: 0.000783
Epoch 453/2000 | Train Loss: 0.000780
Epoch 454/2000 | Train Loss: 0.000683
Epoch 455/2000 | Train Loss: 0.000650
Epoch 456/2000 | Train Loss: 0.000675
Epoch 457/2000 | Train Loss: 0.000703
Epoch 458/2000 | Train Loss: 0.000841
Epoch 459/2000 | Train Loss: 0.000739
Epoch 460/2000 | Train Loss: 0.000780
Epoch 461/2000 | Train Loss: 0.000883
Epoch 462/2000 | Train Loss: 0.000738
Epoch 463/2000 | Train Loss: 0.000792
Epoch 464/2000 | Train Loss: 0.000669
Epoch 465/2000 | Train Loss: 0.000698
Epoch 466/2000 | Train Loss: 0.000679
Epoch 467/2000 | Train Loss: 0.000669
Epoch 468/2000 | Train Loss: 0.000707
Epoch 469/2000 | Train Loss: 0.000831
Epoch 470/2000 | Train Loss: 0.000773
Epoch 471/2000 | Train Loss: 0.000657
Epoch 472/2000 | Train Loss: 0.000857
Epoch 473/2000 | Train Loss: 0.000736
Epoch 474/2000 | Train Loss: 0.000652
Epoch 475/2000 | Train Loss: 0.000769
Epoch 476/2000 | Train Loss: 0.000566
Epoch 477/2000 | Train Loss: 0.000650
Epoch 478/2000 | Train Loss: 0.000873
Epoch 479/2000 | Train Loss: 0.000919
Epoch 480/2000 | Train Loss: 0.000701
Epoch 481/2000 | Train Loss: 0.000730
Epoch 482/2000 | Train Loss: 0.000751
Epoch 483/2000 | Train Loss: 0.000634
Epoch 484/2000 | Train Loss: 0.000804
Epoch 485/2000 | Train Loss: 0.000605
Epoch 486/2000 | Train Loss: 0.000680
Epoch 487/2000 | Train Loss: 0.000566
Epoch 488/2000 | Train Loss: 0.000594
Epoch 489/2000 | Train Loss: 0.000747
Epoch 490/2000 | Train Loss: 0.000846
Epoch 491/2000 | Train Loss: 0.000697
Epoch 492/2000 | Train Loss: 0.000653
Epoch 493/2000 | Train Loss: 0.000641
Epoch 494/2000 | Train Loss: 0.000663
Epoch 495/2000 | Train Loss: 0.000666
Epoch 496/2000 | Train Loss: 0.000713
Epoch 497/2000 | Train Loss: 0.000720
Epoch 498/2000 | Train Loss: 0.000608
Epoch 499/2000 | Train Loss: 0.000730
Epoch 500/2000 | Train Loss: 0.000667
Epoch 501/2000 | Train Loss: 0.000562
Epoch 502/2000 | Train Loss: 0.000690
Epoch 503/2000 | Train Loss: 0.000634
Epoch 504/2000 | Train Loss: 0.000653
Epoch 505/2000 | Train Loss: 0.000652
Epoch 506/2000 | Train Loss: 0.000653
Epoch 507/2000 | Train Loss: 0.000689
Epoch 508/2000 | Train Loss: 0.000736
Epoch 509/2000 | Train Loss: 0.000716
Epoch 510/2000 | Train Loss: 0.000681
Epoch 511/2000 | Train Loss: 0.000780
Epoch 512/2000 | Train Loss: 0.000787
Epoch 513/2000 | Train Loss: 0.000647
Epoch 514/2000 | Train Loss: 0.000715
Epoch 515/2000 | Train Loss: 0.000610
Epoch 516/2000 | Train Loss: 0.000890
Epoch 517/2000 | Train Loss: 0.000592
Epoch 518/2000 | Train Loss: 0.000579
Epoch 519/2000 | Train Loss: 0.000534
Epoch 520/2000 | Train Loss: 0.000797
Epoch 521/2000 | Train Loss: 0.001036
Epoch 522/2000 | Train Loss: 0.000715
Epoch 523/2000 | Train Loss: 0.000600
Epoch 524/2000 | Train Loss: 0.000596
Epoch 525/2000 | Train Loss: 0.000648
Epoch 526/2000 | Train Loss: 0.000566
Epoch 527/2000 | Train Loss: 0.000654
Epoch 528/2000 | Train Loss: 0.000496
Epoch 529/2000 | Train Loss: 0.000624
Epoch 530/2000 | Train Loss: 0.000914
Epoch 531/2000 | Train Loss: 0.000561
Epoch 532/2000 | Train Loss: 0.000633
Epoch 533/2000 | Train Loss: 0.000527
Epoch 534/2000 | Train Loss: 0.000521
Epoch 535/2000 | Train Loss: 0.000571
Epoch 536/2000 | Train Loss: 0.000585
Epoch 537/2000 | Train Loss: 0.000643
Epoch 538/2000 | Train Loss: 0.000715
Epoch 539/2000 | Train Loss: 0.000665
Epoch 540/2000 | Train Loss: 0.000658
Epoch 541/2000 | Train Loss: 0.000585
Epoch 542/2000 | Train Loss: 0.000642
Epoch 543/2000 | Train Loss: 0.000549
Epoch 544/2000 | Train Loss: 0.000623
Epoch 545/2000 | Train Loss: 0.000748
Epoch 546/2000 | Train Loss: 0.000603
Epoch 547/2000 | Train Loss: 0.000470
